<?xml version="1.0" encoding="UTF-8"?>
<testng-results skipped="0" failed="0" total="1" passed="1">
  <reporter-output>
  </reporter-output>
  <suite name="Default suite" duration-ms="184722" started-at="2018-07-05T10:41:19Z" finished-at="2018-07-05T10:44:24Z">
    <groups>
    </groups>
    <test name="Default test" duration-ms="184722" started-at="2018-07-05T10:41:19Z" finished-at="2018-07-05T10:44:24Z">
      <class name="webAutoTest.SaudiArabicCODClass">
        <test-method status="PASS" signature="startReport()[pri:0, instance:webAutoTest.SaudiArabicCODClass@18eed359]" name="startReport" is-config="true" duration-ms="258" started-at="2018-07-05T14:41:19Z" finished-at="2018-07-05T14:41:20Z">
          <reporter-output>
          </reporter-output>
        </test-method> <!-- startReport -->
        <test-method status="PASS" signature="failTest()[pri:0, instance:webAutoTest.SaudiArabicCODClass@18eed359]" name="failTest" is-config="true" duration-ms="183225" started-at="2018-07-05T14:41:20Z" finished-at="2018-07-05T14:44:23Z">
          <reporter-output>
          </reporter-output>
        </test-method> <!-- failTest -->
        <test-method status="PASS" signature="passTest()[pri:0, instance:webAutoTest.SaudiArabicCODClass@18eed359]" name="passTest" duration-ms="13" started-at="2018-07-05T14:44:23Z" finished-at="2018-07-05T14:44:23Z">
          <reporter-output>
          </reporter-output>
        </test-method> <!-- passTest -->
        <test-method status="PASS" signature="getResult(org.testng.ITestResult)[pri:0, instance:webAutoTest.SaudiArabicCODClass@18eed359]" name="getResult" is-config="true" duration-ms="4" started-at="2018-07-05T14:44:23Z" finished-at="2018-07-05T14:44:23Z">
          <params>
            <param index="0">
              <value>
                <![CDATA[[TestResult name=passTest status=SUCCESS method=SaudiArabicCODClass.passTest()[pri:0, instance:webAutoTest.SaudiArabicCODClass@18eed359] output={null}]]]>
              </value>
            </param>
          </params>
          <reporter-output>
          </reporter-output>
        </test-method> <!-- getResult -->
        <test-method status="PASS" signature="endReport()[pri:0, instance:webAutoTest.SaudiArabicCODClass@18eed359]" name="endReport" is-config="true" duration-ms="1202" started-at="2018-07-05T14:44:23Z" finished-at="2018-07-05T14:44:24Z">
          <reporter-output>
          </reporter-output>
        </test-method> <!-- endReport -->
      </class> <!-- webAutoTest.SaudiArabicCODClass -->
    </test> <!-- Default test -->
  </suite> <!-- Default suite -->
</testng-results>
